Detecting CXX compiler ABI info failed to compile with the following output:
Change Dir: /home/nathanial/Workspace/RPG_game/cmake-build-release/CMakeFiles/CMakeTmp

Run Build Command(s):/snap/clion/209/bin/ninja/linux/ninja cmTC_6e196 && [1/2] Building CXX object CMakeFiles/cmTC_6e196.dir/CMakeCXXCompilerABI.cpp.o
Using built-in specs.
COLLECT_GCC=/usr/bin/x86_64-w64-mingw32-gcc
Target: x86_64-w64-mingw32
Configured with: ../../src/configure --build=x86_64-linux-gnu --prefix=/usr --includedir='/usr/include' --mandir='/usr/share/man' --infodir='/usr/share/info' --sysconfdir=/etc --localstatedir=/var --disable-option-checking --disable-silent-rules --libdir='/usr/lib/x86_64-linux-gnu' --libexecdir='/usr/lib/x86_64-linux-gnu' --disable-maintainer-mode --disable-dependency-tracking --prefix=/usr --enable-shared --enable-static --disable-multilib --with-system-zlib --libexecdir=/usr/lib --without-included-gettext --libdir=/usr/lib --enable-libstdcxx-time=yes --with-tune=generic --with-headers --enable-version-specific-runtime-libs --enable-fully-dynamic-string --enable-libgomp --enable-languages=c,c++,fortran,objc,obj-c++,ada --enable-lto --enable-threads=win32 --program-suffix=-win32 --program-prefix=x86_64-w64-mingw32- --target=x86_64-w64-mingw32 --with-as=/usr/bin/x86_64-w64-mingw32-as --with-ld=/usr/bin/x86_64-w64-mingw32-ld --enable-libatomic --enable-libstdcxx-filesystem-ts=yes --enable-dependency-tracking SED=/bin/sed
Thread model: win32
Supported LTO compression algorithms: zlib
gcc version 10-win32 20220113 (GCC) 
COLLECT_GCC_OPTIONS='-v' '-o' 'CMakeFiles/cmTC_6e196.dir/CMakeCXXCompilerABI.cpp.o' '-c' '-mtune=generic' '-march=x86-64'
 /usr/lib/gcc/x86_64-w64-mingw32/10-win32/cc1plus -quiet -v -U_REENTRANT /snap/clion/209/bin/cmake/linux/share/cmake-3.23/Modules/CMakeCXXCompilerABI.cpp -quiet -dumpbase CMakeCXXCompilerABI.cpp -mtune=generic -march=x86-64 -auxbase-strip CMakeFiles/cmTC_6e196.dir/CMakeCXXCompilerABI.cpp.o -version -o /tmp/ccFXmEcr.s
GNU C++14 (GCC) version 10-win32 20220113 (x86_64-w64-mingw32)
	compiled by GNU C version 10.3.0, GMP version 6.2.1, MPFR version 4.1.0, MPC version 1.2.1, isl version isl-0.24-GMP

GGC heuristics: --param ggc-min-expand=100 --param ggc-min-heapsize=131072
ignoring nonexistent directory "/usr/lib/gcc/x86_64-w64-mingw32/10-win32/../../../../x86_64-w64-mingw32/sys-include"
#include "..." search starts here:
#include <...> search starts here:
 /usr/lib/gcc/x86_64-w64-mingw32/10-win32/include/c++
 /usr/lib/gcc/x86_64-w64-mingw32/10-win32/include/c++/x86_64-w64-mingw32
 /usr/lib/gcc/x86_64-w64-mingw32/10-win32/include/c++/backward
 /usr/lib/gcc/x86_64-w64-mingw32/10-win32/include
 /usr/lib/gcc/x86_64-w64-mingw32/10-win32/include-fixed
 /usr/lib/gcc/x86_64-w64-mingw32/10-win32/../../../../x86_64-w64-mingw32/include
End of search list.
GNU C++14 (GCC) version 10-win32 20220113 (x86_64-w64-mingw32)
	compiled by GNU C version 10.3.0, GMP version 6.2.1, MPFR version 4.1.0, MPC version 1.2.1, isl version isl-0.24-GMP

GGC heuristics: --param ggc-min-expand=100 --param ggc-min-heapsize=131072
Compiler executable checksum: ea21cbb57b378f33ce3fb4d699f383c0
COLLECT_GCC_OPTIONS='-v' '-o' 'CMakeFiles/cmTC_6e196.dir/CMakeCXXCompilerABI.cpp.o' '-c' '-mtune=generic' '-march=x86-64'
 /usr/bin/x86_64-w64-mingw32-as -v -o CMakeFiles/cmTC_6e196.dir/CMakeCXXCompilerABI.cpp.o /tmp/ccFXmEcr.s
GNU assembler version 2.38 (x86_64-w64-mingw32) using BFD version (GNU Binutils) 2.38
COMPILER_PATH=/usr/lib/gcc/x86_64-w64-mingw32/10-win32/:/usr/lib/gcc/x86_64-w64-mingw32/10-win32/:/usr/lib/gcc/x86_64-w64-mingw32/:/usr/lib/gcc/x86_64-w64-mingw32/10-win32/:/usr/lib/gcc/x86_64-w64-mingw32/:/usr/lib/gcc/x86_64-w64-mingw32/10-win32/../../../../x86_64-w64-mingw32/bin/
LIBRARY_PATH=/usr/lib/gcc/x86_64-w64-mingw32/10-win32/:/usr/lib/gcc/x86_64-w64-mingw32/10-win32/../../../../x86_64-w64-mingw32/lib/
COLLECT_GCC_OPTIONS='-v' '-o' 'CMakeFiles/cmTC_6e196.dir/CMakeCXXCompilerABI.cpp.o' '-c' '-mtune=generic' '-march=x86-64'
[2/2] Linking CXX executable cmTC_6e196
FAILED: cmTC_6e196 
: && /usr/bin/x86_64-w64-mingw32-gcc  -v  -rdynamic CMakeFiles/cmTC_6e196.dir/CMakeCXXCompilerABI.cpp.o -o cmTC_6e196   && :
Using built-in specs.
COLLECT_GCC=/usr/bin/x86_64-w64-mingw32-gcc
COLLECT_LTO_WRAPPER=/usr/lib/gcc/x86_64-w64-mingw32/10-win32/lto-wrapper
x86_64-w64-mingw32-gcc: error: unrecognized command-line option '-rdynamic'
Target: x86_64-w64-mingw32
Configured with: ../../src/configure --build=x86_64-linux-gnu --prefix=/usr --includedir='/usr/include' --mandir='/usr/share/man' --infodir='/usr/share/info' --sysconfdir=/etc --localstatedir=/var --disable-option-checking --disable-silent-rules --libdir='/usr/lib/x86_64-linux-gnu' --libexecdir='/usr/lib/x86_64-linux-gnu' --disable-maintainer-mode --disable-dependency-tracking --prefix=/usr --enable-shared --enable-static --disable-multilib --with-system-zlib --libexecdir=/usr/lib --without-included-gettext --libdir=/usr/lib --enable-libstdcxx-time=yes --with-tune=generic --with-headers --enable-version-specific-runtime-libs --enable-fully-dynamic-string --enable-libgomp --enable-languages=c,c++,fortran,objc,obj-c++,ada --enable-lto --enable-threads=win32 --program-suffix=-win32 --program-prefix=x86_64-w64-mingw32- --target=x86_64-w64-mingw32 --with-as=/usr/bin/x86_64-w64-mingw32-as --with-ld=/usr/bin/x86_64-w64-mingw32-ld --enable-libatomic --enable-libstdcxx-filesystem-ts=yes --enable-dependency-tracking SED=/bin/sed
Thread model: win32
Supported LTO compression algorithms: zlib
gcc version 10-win32 20220113 (GCC) 
ninja: build stopped: subcommand failed.




Determining if the CXX compiler works failed with the following output:
Change Dir: /home/nathanial/Workspace/RPG_game/cmake-build-release/CMakeFiles/CMakeTmp

Run Build Command(s):/snap/clion/209/bin/ninja/linux/ninja cmTC_4542f && [1/2] Building CXX object CMakeFiles/cmTC_4542f.dir/testCXXCompiler.cxx.o
[2/2] Linking CXX executable cmTC_4542f
FAILED: cmTC_4542f 
: && /usr/bin/x86_64-w64-mingw32-gcc  -rdynamic CMakeFiles/cmTC_4542f.dir/testCXXCompiler.cxx.o -o cmTC_4542f   && :
x86_64-w64-mingw32-gcc: error: unrecognized command-line option ‘-rdynamic’
ninja: build stopped: subcommand failed.



